<?xml version="1.0" encoding="UTF-8"?>
<!-- Generated by org.testng.reporters.JUnitXMLReporter -->
<testsuite ignored="0" hostname="LAPTOP-TFN2OMP9" failures="1" tests="2" name="Test" time="7.889" errors="0" timestamp="2023-09-28T12:41:49 IST">
  <testcase classname="com.mavenGhost.Google" name="searchContent" time="0.01">
    <failure type="java.lang.NullPointerException" message="Cannot invoke &amp;quot;org.openqa.selenium.WebDriver.findElement(org.openqa.selenium.By)&amp;quot; because &amp;quot;this.driver&amp;quot; is null">
      <![CDATA[java.lang.NullPointerException: Cannot invoke "org.openqa.selenium.WebDriver.findElement(org.openqa.selenium.By)" because "this.driver" is null
at com.mavenGhost.Google.searchContent(Google.java:21)
at java.base/java.util.ArrayList.forEach(ArrayList.java:1511)
... Removed 25 stack frames]]>
    </failure>
  </testcase> <!-- searchContent -->
  <testcase classname="com.mavenGhost.Google" name="setup" time="7.848"/>
</testsuite> <!-- Test -->
