<?xml version="1.0" encoding="UTF-8"?>
<testng-results ignored="0" total="0" passed="0" failed="0" skipped="0">
  <reporter-output>
  </reporter-output>
  <suite started-at="2023-11-02T23:49:09 IST" name="Default suite" finished-at="2023-11-02T23:49:16 IST" duration-ms="6320">
    <groups>
    </groups>
    <test started-at="2023-11-02T23:49:09 IST" name="Default test" finished-at="2023-11-02T23:49:16 IST" duration-ms="6320">
      <class name="com.seleprac.SpiceJetTest">
        <test-method is-config="true" signature="BrowerSetuo()[pri:0, instance:com.seleprac.SpiceJetTest@7b2bbc3]" started-at="2023-11-02T23:49:09 IST" name="BrowerSetuo" finished-at="2023-11-02T23:49:15 IST" duration-ms="5331" status="PASS">
          <reporter-output>
          </reporter-output>
        </test-method> <!-- BrowerSetuo -->
        <test-method is-config="true" signature="BrowerClose()[pri:0, instance:com.seleprac.SpiceJetTest@7b2bbc3]" started-at="2023-11-02T23:49:15 IST" name="BrowerClose" finished-at="2023-11-02T23:49:16 IST" duration-ms="974" status="PASS">
          <reporter-output>
          </reporter-output>
        </test-method> <!-- BrowerClose -->
      </class> <!-- com.seleprac.SpiceJetTest -->
    </test> <!-- Default test -->
  </suite> <!-- Default suite -->
</testng-results>
